[debug] [2022-06-14T10:07:51.837Z] ----------------------------------------------------------------------
[debug] [2022-06-14T10:07:51.840Z] Command:       C:\Program Files\nodejs\node.exe C:\Program Files\nodejs\node_modules\firebase-tools\lib\bin\firebase.js init
[debug] [2022-06-14T10:07:51.841Z] CLI Version:   11.1.0
[debug] [2022-06-14T10:07:51.841Z] Platform:      win32
[debug] [2022-06-14T10:07:51.841Z] Node Version:  v18.0.0
[debug] [2022-06-14T10:07:51.843Z] Time:          Tue Jun 14 2022 17:07:51 GMT+0700 (Indochina Time)
[debug] [2022-06-14T10:07:51.843Z] ----------------------------------------------------------------------
[debug] 
[debug] [2022-06-14T10:07:51.852Z] > command requires scopes: ["email","openid","https://www.googleapis.com/auth/cloudplatformprojects.readonly","https://www.googleapis.com/auth/firebase","https://www.googleapis.com/auth/cloud-platform"]
[debug] [2022-06-14T10:07:51.853Z] > authorizing via signed-in user (truongquocvuongnb@gmail.com)
[info] 
     ######## #### ########  ######## ########     ###     ######  ########
     ##        ##  ##     ## ##       ##     ##  ##   ##  ##       ##
     ######    ##  ########  ######   ########  #########  ######  ######
     ##        ##  ##    ##  ##       ##     ## ##     ##       ## ##
     ##       #### ##     ## ######## ########  ##     ##  ######  ########

You're about to initialize a Firebase project in this directory:

  D:\PERSONAL_PROJECT\my_ecommerce

[info] 
=== Project Setup
[info] 
[info] First, let's associate this project directory with a Firebase project.
[info] You can create multiple project aliases by running firebase use --add, 
[info] but for now we'll just set up a default project.
[info] 
[debug] [2022-06-14T10:08:13.904Z] > refreshing access token with scopes: []
[debug] [2022-06-14T10:08:13.907Z] >>> [apiv2][query] POST https://www.googleapis.com/oauth2/v3/token [none]
[debug] [2022-06-14T10:08:13.907Z] >>> [apiv2][body] POST https://www.googleapis.com/oauth2/v3/token [omitted]
[debug] [2022-06-14T10:08:14.279Z] <<< [apiv2][status] POST https://www.googleapis.com/oauth2/v3/token 200
[debug] [2022-06-14T10:08:14.280Z] <<< [apiv2][body] POST https://www.googleapis.com/oauth2/v3/token [omitted]
[debug] [2022-06-14T10:08:14.308Z] >>> [apiv2][query] GET https://firebase.googleapis.com/v1beta1/projects pageSize=100
[debug] [2022-06-14T10:08:15.094Z] <<< [apiv2][status] GET https://firebase.googleapis.com/v1beta1/projects 200
[debug] [2022-06-14T10:08:15.095Z] <<< [apiv2][body] GET https://firebase.googleapis.com/v1beta1/projects [omitted]
[info] i  Using project shopee-react-f72ae (Shopee React) 
[info] 
=== Hosting Setup
[info] 
[info] Your public directory is the folder (relative to your project directory) that
[info] will contain Hosting assets to be uploaded with firebase deploy. If you
[info] have a build process for your assets, use your build's output directory.
[info] 
[debug] [2022-06-14T10:09:43.613Z] >>> [apiv2][query] GET https://www.gstatic.com/firebasejs/releases.json [none]
[debug] [2022-06-14T10:09:43.819Z] <<< [apiv2][status] GET https://www.gstatic.com/firebasejs/releases.json 200
[debug] [2022-06-14T10:09:43.819Z] <<< [apiv2][body] GET https://www.gstatic.com/firebasejs/releases.json {"current":{"version":"9.8.3","browserURL":"https://www.gstatic.com/firebasejs/9.8.3/firebase.js","packageURL":"https://www.gstatic.com/firebasejs/9.8.3/firebase.tgz"},"live":{"version":"9.8","browserURL":"https://www.gstatic.com/firebasejs/live/9.8/firebase.js","packageURL":"https://www.gstatic.com/firebasejs/live/9.8/firebase.tgz"},"components":{"analytics":"https://www.gstatic.com/firebasejs/9.8.3/firebase-analytics.js","app":"https://www.gstatic.com/firebasejs/9.8.3/firebase-app.js","app-check":"https://www.gstatic.com/firebasejs/9.8.3/firebase-app-check.js","auth":"https://www.gstatic.com/firebasejs/9.8.3/firebase-auth.js","auth/cordova":"https://www.gstatic.com/firebasejs/9.8.3/firebase-auth/cordova.js","auth/react-native":"https://www.gstatic.com/firebasejs/9.8.3/firebase-auth/react-native.js","functions":"https://www.gstatic.com/firebasejs/9.8.3/firebase-functions.js","firestore":"https://www.gstatic.com/firebasejs/9.8.3/firebase-firestore.js","firestore/lite":"https://www.gstatic.com/firebasejs/9.8.3/firebase-firestore/lite.js","storage":"https://www.gstatic.com/firebasejs/9.8.3/firebase-storage.js","performance":"https://www.gstatic.com/firebasejs/9.8.3/firebase-performance.js","remote-config":"https://www.gstatic.com/firebasejs/9.8.3/firebase-remote-config.js","messaging":"https://www.gstatic.com/firebasejs/9.8.3/firebase-messaging.js","messaging/sw":"https://www.gstatic.com/firebasejs/9.8.3/firebase-messaging/sw.js","database":"https://www.gstatic.com/firebasejs/9.8.3/firebase-database.js","firestore.memory":"https://www.gstatic.com/firebasejs/9.8.3/firebase-firestore.memory.js"}}
[info] i  Skipping write of public/index.html 
[info] 
[info] i  Detected a .git folder at D:\PERSONAL_PROJECT\my_ecommerce 
[info] i  Authorizing with GitHub to upload your service account to a GitHub repository's secrets store. 
[info] 
[info] Visit this URL on this device to log in:
[info] https://github.com/login/oauth/authorize?client_id=89cf50f02ac6aaed3484&state=880552914&redirect_uri=http%3A%2F%2Flocalhost%3A9005&scope=read%3Auser%20repo%20public_repo
[info] 
[info] Waiting for authentication...
[debug] [2022-06-14T10:10:19.253Z] >>> [apiv2][query] POST https://github.com/login/oauth/access_token [none]
[debug] [2022-06-14T10:10:19.253Z] >>> [apiv2][body] POST https://github.com/login/oauth/access_token [stream]
[debug] [2022-06-14T10:10:19.794Z] <<< [apiv2][status] POST https://github.com/login/oauth/access_token 200
[debug] [2022-06-14T10:10:19.795Z] <<< [apiv2][body] POST https://github.com/login/oauth/access_token {"access_token":"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","token_type":"bearer","scope":"read:user,repo"}
[debug] [2022-06-14T10:10:19.818Z] >>> [apiv2][query] GET https://api.github.com/user [none]
[debug] [2022-06-14T10:10:20.330Z] <<< [apiv2][status] GET https://api.github.com/user 200
[debug] [2022-06-14T10:10:20.330Z] <<< [apiv2][body] GET https://api.github.com/user {"login":"vuongtruong97","id":94800760,"node_id":"U_kgDOBaaLeA","avatar_url":"https://avatars.githubusercontent.com/u/94800760?v=4","gravatar_id":"","url":"https://api.github.com/users/vuongtruong97","html_url":"https://github.com/vuongtruong97","followers_url":"https://api.github.com/users/vuongtruong97/followers","following_url":"https://api.github.com/users/vuongtruong97/following{/other_user}","gists_url":"https://api.github.com/users/vuongtruong97/gists{/gist_id}","starred_url":"https://api.github.com/users/vuongtruong97/starred{/owner}{/repo}","subscriptions_url":"https://api.github.com/users/vuongtruong97/subscriptions","organizations_url":"https://api.github.com/users/vuongtruong97/orgs","repos_url":"https://api.github.com/users/vuongtruong97/repos","events_url":"https://api.github.com/users/vuongtruong97/events{/privacy}","received_events_url":"https://api.github.com/users/vuongtruong97/received_events","type":"User","site_admin":false,"name":"Vuong Truong","company":null,"blog":"","location":"Viet Nam","email":null,"hireable":null,"bio":"handsome","twitter_username":null,"public_repos":17,"public_gists":0,"followers":4,"following":3,"created_at":"2021-11-21T17:58:23Z","updated_at":"2022-05-25T09:36:38Z","private_gists":0,"total_private_repos":0,"owned_private_repos":0,"disk_usage":292872,"collaborators":0,"two_factor_authentication":false,"plan":{"name":"free","space":976562499,"collaborators":0,"private_repos":10000}}
[info] 
[info] +  Success! Logged into GitHub as vuongtruong97 
[info] 
[debug] [2022-06-14T10:10:36.594Z] >>> [apiv2][query] GET https://api.github.com/repos//actions/secrets/public-key type=owner
[debug] [2022-06-14T10:10:37.043Z] <<< [apiv2][status] GET https://api.github.com/repos//actions/secrets/public-key 404
[debug] [2022-06-14T10:10:37.044Z] <<< [apiv2][body] GET https://api.github.com/repos//actions/secrets/public-key {"message":"Not Found","documentation_url":"https://docs.github.com/rest"}
